This is pdfTeX, Version 3.14159265-2.6-1.40.21 (TeX Live 2020) (preloaded format=pdflatex 2020.11.5)  27 SEP 2021 17:17
entering extended mode
 restricted \write18 enabled.
 %&-line parsing enabled.
**projekt
(./projekt.tex
LaTeX2e <2020-02-02> patch level 5
L3 programming layer <2020-03-06> (./fitthesis.cls
Document Class: fitthesis 2017/11/07 Sablona pro BP/DP
(/usr/local/texlive/2020/texmf-dist/tex/latex/base/report.cls
Document Class: report 2019/12/20 v1.4l Standard LaTeX document class
(/usr/local/texlive/2020/texmf-dist/tex/latex/base/size11.clo
File: size11.clo 2019/12/20 v1.4l Standard LaTeX file (size option)
)
\c@part=\count167
\c@chapter=\count168
\c@section=\count169
\c@subsection=\count170
\c@subsubsection=\count171
\c@paragraph=\count172
\c@subparagraph=\count173
\c@figure=\count174
\c@table=\count175
\abovecaptionskip=\skip47
\belowcaptionskip=\skip48
\bibindent=\dimen134
)
(/usr/local/texlive/2020/texmf-dist/tex/latex/amsmath/amsmath.sty
Package: amsmath 2020/01/20 v2.17e AMS math features
\@mathmargin=\skip49

For additional information on amsmath, use the `?' option.
(/usr/local/texlive/2020/texmf-dist/tex/latex/amsmath/amstext.sty
Package: amstext 2000/06/29 v2.01 AMS text

(/usr/local/texlive/2020/texmf-dist/tex/latex/amsmath/amsgen.sty
File: amsgen.sty 1999/11/30 v2.0 generic functions
\@emptytoks=\toks15
\ex@=\dimen135
))
(/usr/local/texlive/2020/texmf-dist/tex/latex/amsmath/amsbsy.sty
Package: amsbsy 1999/11/29 v1.2d Bold Symbols
\pmbraise@=\dimen136
)
(/usr/local/texlive/2020/texmf-dist/tex/latex/amsmath/amsopn.sty
Package: amsopn 2016/03/08 v2.02 operator names
)
\inf@bad=\count176
LaTeX Info: Redefining \frac on input line 227.
\uproot@=\count177
\leftroot@=\count178
LaTeX Info: Redefining \overline on input line 389.
\classnum@=\count179
\DOTSCASE@=\count180
LaTeX Info: Redefining \ldots on input line 486.
LaTeX Info: Redefining \dots on input line 489.
LaTeX Info: Redefining \cdots on input line 610.
\Mathstrutbox@=\box45
\strutbox@=\box46
\big@size=\dimen137
LaTeX Font Info:    Redeclaring font encoding OML on input line 733.
LaTeX Font Info:    Redeclaring font encoding OMS on input line 734.
\macc@depth=\count181
\c@MaxMatrixCols=\count182
\dotsspace@=\muskip16
\c@parentequation=\count183
\dspbrk@lvl=\count184
\tag@help=\toks16
\row@=\count185
\column@=\count186
\maxfields@=\count187
\andhelp@=\toks17
\eqnshift@=\dimen138
\alignsep@=\dimen139
\tagshift@=\dimen140
\tagwidth@=\dimen141
\totwidth@=\dimen142
\lineht@=\dimen143
\@envbody=\toks18
\multlinegap=\skip50
\multlinetaggap=\skip51
\mathdisplay@stack=\toks19
LaTeX Info: Redefining \[ on input line 2859.
LaTeX Info: Redefining \] on input line 2860.
)
(/usr/local/texlive/2020/texmf-dist/tex/latex/amsfonts/amssymb.sty
Package: amssymb 2013/01/14 v3.01 AMS font symbols

(/usr/local/texlive/2020/texmf-dist/tex/latex/amsfonts/amsfonts.sty
Package: amsfonts 2013/01/14 v3.01 Basic AMSFonts support
\symAMSa=\mathgroup4
\symAMSb=\mathgroup5
LaTeX Font Info:    Redeclaring math symbol \hbar on input line 98.
LaTeX Font Info:    Overwriting math alphabet `\mathfrak' in version `bold'
(Font)                  U/euf/m/n --> U/euf/b/n on input line 106.
))
(/usr/local/texlive/2020/texmf-dist/tex/generic/babel/babel.sty
Package: babel 2020/03/22 3.42 The Babel package

(/usr/local/texlive/2020/texmf-dist/tex/generic/babel/switch.def
File: switch.def 2020/03/22 3.42 Babel switching mechanism
)
(/usr/local/texlive/2020/texmf-dist/tex/generic/babel-czech/czech.ldf
Language: czech 2008/07/06 v3.1a Czech support from the babel system

(/usr/local/texlive/2020/texmf-dist/tex/generic/babel/babel.def
File: babel.def 2020/03/22 3.42 Babel common definitions
\babel@savecnt=\count188
\U@D=\dimen144

(/usr/local/texlive/2020/texmf-dist/tex/generic/babel/txtbabel.def)
\bbl@readstream=\read2
\bbl@dirlevel=\count189
)
Package babel Info: Making " an active character on input line 172.
\cs@wordlen=\count190
Package babel Info: Making - an active character on input line 226.
)
(/usr/local/texlive/2020/texmf-dist/tex/generic/babel-slovak/slovak.ldf
Language: slovak 2008/07/06 v3.1a Slovak support from the babel system
Package babel Info: Making ^ an active character on input line 123.
Package babel Info: Making ' an active character on input line 129.
LaTeX Info: Redefining \uv on input line 278.
\cs@wordlen=\count191
)
(/usr/local/texlive/2020/texmf-dist/tex/generic/babel-english/english.ldf
Language: english 2017/06/06 v3.3r English support from the babel system
Package babel Info: \l@canadian = using hyphenrules for english
(babel)             (\language0) on input line 102.
Package babel Info: \l@australian = using hyphenrules for ukenglish
(babel)             (\language21) on input line 105.
Package babel Info: \l@newzealand = using hyphenrules for ukenglish
(babel)             (\language21) on input line 108.
)
(/usr/local/texlive/2020/texmf-dist/tex/generic/babel-english/english.ldf
Language: english 2017/06/06 v3.3r English support from the babel system
))
(/usr/local/texlive/2020/texmf-dist/tex/latex/base/inputenc.sty
Package: inputenc 2018/08/11 v1.3c Input encoding file
\inpenc@prehook=\toks20
\inpenc@posthook=\toks21
)
(/usr/local/texlive/2020/texmf-dist/tex/latex/cmap/cmap.sty
Package: cmap 2008/03/06 v1.0h CMap support: searchable PDF
)
(/usr/local/texlive/2020/texmf-dist/tex/latex/base/fontenc.sty
Package: fontenc 2020/02/11 v2.0o Standard LaTeX package
<<t1.cmap>>)
(/usr/local/texlive/2020/texmf-dist/tex/latex/url/url.sty
\Urlmuskip=\muskip17
Package: url 2013/09/16  ver 3.4  Verb mode for urls, etc.
)
(/usr/local/texlive/2020/texmf-dist/tex/latex/ragged2e/ragged2e.sty
Package: ragged2e 2019/07/28 v2.2 ragged2e Package (MS)

(/usr/local/texlive/2020/texmf-dist/tex/latex/ms/everysel.sty
Package: everysel 2011/10/28 v1.2 EverySelectfont Package (MS)
)
\CenteringLeftskip=\skip52
\RaggedLeftLeftskip=\skip53
\RaggedRightLeftskip=\skip54
\CenteringRightskip=\skip55
\RaggedLeftRightskip=\skip56
\RaggedRightRightskip=\skip57
\CenteringParfillskip=\skip58
\RaggedLeftParfillskip=\skip59
\RaggedRightParfillskip=\skip60
\JustifyingParfillskip=\skip61
\CenteringParindent=\skip62
\RaggedLeftParindent=\skip63
\RaggedRightParindent=\skip64
\JustifyingParindent=\skip65
)
(/usr/local/texlive/2020/texmf-dist/tex/latex/graphics/color.sty
Package: color 2019/11/23 v1.2a Standard LaTeX Color (DPC)

(/usr/local/texlive/2020/texmf-dist/tex/latex/graphics-cfg/color.cfg
File: color.cfg 2016/01/02 v1.6 sample color configuration
)
Package color Info: Driver file: pdftex.def on input line 147.

(/usr/local/texlive/2020/texmf-dist/tex/latex/graphics-def/pdftex.def
File: pdftex.def 2018/01/08 v1.0l Graphics/color driver for pdftex
))
(/usr/local/texlive/2020/texmf-dist/tex/latex/etoolbox/etoolbox.sty
Package: etoolbox 2019/09/21 v2.5h e-TeX tools for LaTeX (JAW)
\etb@tempcnta=\count192
)
(/usr/local/texlive/2020/texmf-dist/tex/latex/enumitem/enumitem.sty
Package: enumitem 2019/06/20 v3.9 Customized lists
\enitkv@toks@=\toks22
\labelindent=\skip66
\enit@outerparindent=\dimen145
\enit@toks=\toks23
\enit@inbox=\box47
\enit@count@id=\count193
\enitdp@description=\count194
)
(/usr/local/texlive/2020/texmf-dist/tex/latex/subfigure/subfigure.sty
Package: subfigure 2002/03/15 v2.1.5 subfigure package
\subfigtopskip=\skip67
\subfigcapskip=\skip68
\subfigcaptopadj=\dimen146
\subfigbottomskip=\skip69
\subfigcapmargin=\dimen147
\subfiglabelskip=\skip70
\c@subfigure=\count195
\c@lofdepth=\count196
\c@subtable=\count197
\c@lotdepth=\count198

****************************************
* Local config file subfigure.cfg used *
****************************************
(/usr/local/texlive/2020/texmf-dist/tex/latex/subfigure/subfigure.cfg)
\subfig@top=\skip71
\subfig@bottom=\skip72
)
(/usr/local/texlive/2020/texmf-dist/tex/latex/algorithms/algorithm.sty
Package: algorithm 2009/08/24 v0.1 Document Style `algorithm' - floating enviro
nment

(/usr/local/texlive/2020/texmf-dist/tex/latex/float/float.sty
Package: float 2001/11/08 v1.3d Float enhancements (AL)
\c@float@type=\count199
\float@exts=\toks24
\float@box=\box48
\@float@everytoks=\toks25
\@floatcapt=\box49
)
(/usr/local/texlive/2020/texmf-dist/tex/latex/base/ifthen.sty
Package: ifthen 2014/09/29 v1.1c Standard LaTeX ifthen package (DPC)
)
\@float@every@algorithm=\toks26
\c@algorithm=\count266
)
(/usr/local/texlive/2020/texmf-dist/tex/latex/algorithmicx/algpseudocode.sty
Package: algpseudocode 

(/usr/local/texlive/2020/texmf-dist/tex/latex/algorithmicx/algorithmicx.sty
Package: algorithmicx 2005/04/27 v1.2 Algorithmicx

Document Style algorithmicx 1.2 - a greatly improved `algorithmic' style
\c@ALG@line=\count267
\c@ALG@rem=\count268
\c@ALG@nested=\count269
\ALG@tlm=\skip73
\ALG@thistlm=\skip74
\c@ALG@Lnr=\count270
\c@ALG@blocknr=\count271
\c@ALG@storecount=\count272
\c@ALG@tmpcounter=\count273
\ALG@tmplength=\skip75
)
Document Style - pseudocode environments for use with the `algorithmicx' style
) (/usr/local/texlive/2020/texmf-dist/tex/latex/graphics/graphicx.sty
Package: graphicx 2019/11/30 v1.2a Enhanced LaTeX Graphics (DPC,SPQR)

(/usr/local/texlive/2020/texmf-dist/tex/latex/graphics/keyval.sty
Package: keyval 2014/10/28 v1.15 key=value parser (DPC)
\KV@toks@=\toks27
)
(/usr/local/texlive/2020/texmf-dist/tex/latex/graphics/graphics.sty
Package: graphics 2019/11/30 v1.4a Standard LaTeX Graphics (DPC,SPQR)

(/usr/local/texlive/2020/texmf-dist/tex/latex/graphics/trig.sty
Package: trig 2016/01/03 v1.10 sin cos tan (DPC)
)
(/usr/local/texlive/2020/texmf-dist/tex/latex/graphics-cfg/graphics.cfg
File: graphics.cfg 2016/06/04 v1.11 sample graphics configuration
)
Package graphics Info: Driver file: pdftex.def on input line 105.
)
\Gin@req@height=\dimen148
\Gin@req@width=\dimen149
)
\mkspc=\skip76
\DESCRIPTION@totalleftmargin=\skip77
\DESCRIPTION@linewidth=\skip78
\c@definition=\count274

(/usr/local/texlive/2020/texmf-dist/tex/latex/opensans/opensans.sty
Package: opensans 2019/06/20 Style file for Open Sans.

(/usr/local/texlive/2020/texmf-dist/tex/latex/fontaxes/fontaxes.sty
Package: fontaxes 2014/03/23 v1.0d Font selection axes
LaTeX Info: Redefining \upshape on input line 29.
LaTeX Info: Redefining \itshape on input line 31.
LaTeX Info: Redefining \slshape on input line 33.
LaTeX Info: Redefining \swshape on input line 35.
LaTeX Info: Redefining \scshape on input line 37.
LaTeX Info: Redefining \sscshape on input line 39.
LaTeX Info: Redefining \ulcshape on input line 41.
LaTeX Info: Redefining \textsw on input line 47.
LaTeX Info: Redefining \textssc on input line 48.
LaTeX Info: Redefining \textulc on input line 49.
)
(/usr/local/texlive/2020/texmf-dist/tex/generic/iftex/ifluatex.sty
Package: ifluatex 2019/10/25 v1.5 ifluatex legacy package. Use iftex instead.

(/usr/local/texlive/2020/texmf-dist/tex/generic/iftex/iftex.sty
Package: iftex 2020/03/06 v1.0d TeX engine tests
))
(/usr/local/texlive/2020/texmf-dist/tex/generic/iftex/ifxetex.sty
Package: ifxetex 2019/10/25 v0.7 ifxetex legacy package. Use iftex instead.
)
(/usr/local/texlive/2020/texmf-dist/tex/latex/xkeyval/xkeyval.sty
Package: xkeyval 2014/12/03 v2.7a package option processing (HA)

(/usr/local/texlive/2020/texmf-dist/tex/generic/xkeyval/xkeyval.tex
(/usr/local/texlive/2020/texmf-dist/tex/generic/xkeyval/xkvutils.tex
\XKV@toks=\toks28
\XKV@tempa@toks=\toks29
)
\XKV@depth=\count275
File: xkeyval.tex 2014/12/03 v2.7a key=value parser (HA)
)))
(/usr/local/texlive/2020/texmf-dist/tex/latex/tools/calc.sty
Package: calc 2017/05/25 v4.3 Infix arithmetic (KKT,FJ)
\calc@Acount=\count276
\calc@Bcount=\count277
\calc@Adimen=\dimen150
\calc@Bdimen=\dimen151
\calc@Askip=\skip79
\calc@Bskip=\skip80
LaTeX Info: Redefining \setlength on input line 80.
LaTeX Info: Redefining \addtolength on input line 81.
\calc@Ccount=\count278
\calc@Cskip=\skip81
)
(/usr/local/texlive/2020/texmf-dist/tex/latex/tools/longtable.sty
Package: longtable 2020/01/07 v4.13 Multi-page Table package (DPC)
\LTleft=\skip82
\LTright=\skip83
\LTpre=\skip84
\LTpost=\skip85
\LTchunksize=\count279
\LTcapwidth=\dimen152
\LT@head=\box50
\LT@firsthead=\box51
\LT@foot=\box52
\LT@lastfoot=\box53
\LT@cols=\count280
\LT@rows=\count281
\c@LT@tables=\count282
\c@LT@chunks=\count283
\LT@p@ftn=\toks30
)
(/usr/local/texlive/2020/texmf-dist/tex/latex/booktabs/booktabs.sty
Package: booktabs 2020/01/12 v1.61803398 Publication quality tables
\heavyrulewidth=\dimen153
\lightrulewidth=\dimen154
\cmidrulewidth=\dimen155
\belowrulesep=\dimen156
\belowbottomsep=\dimen157
\aboverulesep=\dimen158
\abovetopsep=\dimen159
\cmidrulesep=\dimen160
\cmidrulekern=\dimen161
\defaultaddspace=\dimen162
\@cmidla=\count284
\@cmidlb=\count285
\@aboverulesep=\dimen163
\@belowrulesep=\dimen164
\@thisruleclass=\count286
\@lastruleclass=\count287
\@thisrulewidth=\dimen165
)
(/usr/local/texlive/2020/texmf-dist/tex/latex/xcolor/xcolor.sty
Package: xcolor 2016/05/11 v2.12 LaTeX color extensions (UK)

(/usr/local/texlive/2020/texmf-dist/tex/latex/graphics-cfg/color.cfg
File: color.cfg 2016/01/02 v1.6 sample color configuration
)
Package xcolor Info: Driver file: pdftex.def on input line 225.
LaTeX Info: Redefining \color on input line 709.
Package xcolor Info: Model `cmy' substituted by `cmy0' on input line 1348.
Package xcolor Info: Model `hsb' substituted by `rgb' on input line 1352.
Package xcolor Info: Model `RGB' extended on input line 1364.
Package xcolor Info: Model `HTML' substituted by `rgb' on input line 1366.
Package xcolor Info: Model `Hsb' substituted by `hsb' on input line 1367.
Package xcolor Info: Model `tHsb' substituted by `hsb' on input line 1368.
Package xcolor Info: Model `HSB' substituted by `hsb' on input line 1369.
Package xcolor Info: Model `Gray' substituted by `gray' on input line 1370.
Package xcolor Info: Model `wave' substituted by `hsb' on input line 1371.
)
(/usr/local/texlive/2020/texmf-dist/tex/latex/colortbl/colortbl.sty
Package: colortbl 2020/01/04 v1.0e Color table columns (DPC)

(/usr/local/texlive/2020/texmf-dist/tex/latex/tools/array.sty
Package: array 2019/08/31 v2.4l Tabular extension package (FMi)
\col@sep=\dimen166
\ar@mcellbox=\box54
\extrarowheight=\dimen167
\NC@list=\toks31
\extratabsurround=\skip86
\backup@length=\skip87
\ar@cellbox=\box55
)
\everycr=\toks32
\minrowclearance=\skip88
)
(/usr/local/texlive/2020/texmf-dist/tex/latex/multirow/multirow.sty
Package: multirow 2019/05/31 v2.5 Span multiple rows of a table
\multirow@colwidth=\skip89
\multirow@cntb=\count288
\multirow@dima=\skip90
\bigstrutjot=\dimen168
)
(/usr/local/texlive/2020/texmf-dist/tex/latex/tools/tabularx.sty
Package: tabularx 2020/01/15 v2.11c `tabularx' package (DPC)
\TX@col@width=\dimen169
\TX@old@table=\dimen170
\TX@old@col=\dimen171
\TX@target=\dimen172
\TX@delta=\dimen173
\TX@cols=\count289
\TX@ftn=\toks33
)
(/usr/local/texlive/2020/texmf-dist/tex/latex/blindtext/blindtext.sty
Package: blindtext 2012/01/06 V2.0 blindtext-Package

(/usr/local/texlive/2020/texmf-dist/tex/latex/tools/xspace.sty
Package: xspace 2014/10/28 v1.13 Space after command names (DPC,MH)
)
\c@blindtext=\count290
\c@Blindtext=\count291
\c@blind@countparstart=\count292
\blind@countxx=\count293
\blindtext@numBlindtext=\count294
\blind@countyy=\count295
\c@blindlist=\count296
\c@blindlistlevel=\count297
\c@blindlist@level=\count298
\blind@listitem=\count299
\c@blind@listcount=\count300
\c@blind@levelcount=\count301
\blind@mathformula=\count302
\blind@Mathformula=\count303
\c@blind@randomcount=\count304
\c@blind@randommax=\count305
\c@blind@pangramcount=\count306
\c@blind@pangrammax=\count307
)
(/usr/local/texlive/2020/texmf-dist/tex/latex/listings/listings.sty
\lst@mode=\count308
\lst@gtempboxa=\box56
\lst@token=\toks34
\lst@length=\count309
\lst@currlwidth=\dimen174
\lst@column=\count310
\lst@pos=\count311
\lst@lostspace=\dimen175
\lst@width=\dimen176
\lst@newlines=\count312
\lst@lineno=\count313
\lst@maxwidth=\dimen177

(/usr/local/texlive/2020/texmf-dist/tex/latex/listings/lstmisc.sty
File: lstmisc.sty 2020/03/24 1.8d (Carsten Heinz)
\c@lstnumber=\count314
\lst@skipnumbers=\count315
\lst@framebox=\box57
)
(/usr/local/texlive/2020/texmf-dist/tex/latex/listings/listings.cfg
File: listings.cfg 2020/03/24 1.8d listings configuration
))
Package: listings 2020/03/24 1.8d (Carsten Heinz)

(/usr/local/texlive/2020/texmf-dist/tex/latex/appendix/appendix.sty
Package: appendix 2020/02/08 v1.2c extra appendix facilities
\c@@pps=\count316
\c@@ppsavesec=\count317
\c@@ppsaveapp=\count318
)
(/usr/local/texlive/2020/texmf-dist/tex/latex/titlesec/titletoc.sty
Package: titletoc 2019/10/16 v2.13 TOC entries
\ttl@leftsep=\dimen178
)
(/usr/local/texlive/2020/texmf-dist/tex/latex/regexpatch/regexpatch.sty
(/usr/local/texlive/2020/texmf-dist/tex/latex/l3kernel/expl3.sty
Package: expl3 2020-03-06 L3 programming layer (loader) 

(/usr/local/texlive/2020/texmf-dist/tex/latex/l3backend/l3backend-pdfmode.def
File: l3backend-pdfmode.def 2020-03-12 L3 backend support: PDF mode
\l__kernel_color_stack_int=\count319
\l__pdf_internal_box=\box58
))
Package: regexpatch 2018/05/02 v0.2d Extending etoolbox patching commands
(/usr/local/texlive/2020/texmf-dist/tex/latex/l3packages/xparse/xparse.sty
Package: xparse 2020-03-06 L3 Experimental document command parser
\l__xparse_current_arg_int=\count320
\g__xparse_grabber_int=\count321
\l__xparse_m_args_int=\count322
\l__xparse_v_nesting_int=\count323
)))
(/usr/local/texlive/2020/texmf-dist/tex/latex/hyperref/hyperref.sty
Package: hyperref 2020/01/14 v7.00d Hypertext links for LaTeX

(/usr/local/texlive/2020/texmf-dist/tex/generic/ltxcmds/ltxcmds.sty
Package: ltxcmds 2019/12/15 v1.24 LaTeX kernel commands for general use (HO)
)
(/usr/local/texlive/2020/texmf-dist/tex/latex/pdftexcmds/pdftexcmds.sty
Package: pdftexcmds 2019/11/24 v0.31 Utility functions of pdfTeX for LuaTeX (HO
)

(/usr/local/texlive/2020/texmf-dist/tex/generic/infwarerr/infwarerr.sty
Package: infwarerr 2019/12/03 v1.5 Providing info/warning/error messages (HO)
)
Package pdftexcmds Info: \pdf@primitive is available.
Package pdftexcmds Info: \pdf@ifprimitive is available.
Package pdftexcmds Info: \pdfdraftmode found.
)
(/usr/local/texlive/2020/texmf-dist/tex/generic/kvsetkeys/kvsetkeys.sty
Package: kvsetkeys 2019/12/15 v1.18 Key value parser (HO)
)
(/usr/local/texlive/2020/texmf-dist/tex/generic/kvdefinekeys/kvdefinekeys.sty
Package: kvdefinekeys 2019-12-19 v1.6 Define keys (HO)
)
(/usr/local/texlive/2020/texmf-dist/tex/generic/pdfescape/pdfescape.sty
Package: pdfescape 2019/12/09 v1.15 Implements pdfTeX's escape features (HO)
)
(/usr/local/texlive/2020/texmf-dist/tex/latex/hycolor/hycolor.sty
Package: hycolor 2020-01-27 v1.10 Color options for hyperref/bookmark (HO)
)
(/usr/local/texlive/2020/texmf-dist/tex/latex/letltxmacro/letltxmacro.sty
Package: letltxmacro 2019/12/03 v1.6 Let assignment for LaTeX macros (HO)
)
(/usr/local/texlive/2020/texmf-dist/tex/latex/auxhook/auxhook.sty
Package: auxhook 2019-12-17 v1.6 Hooks for auxiliary files (HO)
)
(/usr/local/texlive/2020/texmf-dist/tex/latex/kvoptions/kvoptions.sty
Package: kvoptions 2019/11/29 v3.13 Key value format for package options (HO)
)
\@linkdim=\dimen179
\Hy@linkcounter=\count324
\Hy@pagecounter=\count325

(/usr/local/texlive/2020/texmf-dist/tex/latex/hyperref/pd1enc.def
File: pd1enc.def 2020/01/14 v7.00d Hyperref: PDFDocEncoding definition (HO)
Now handling font encoding PD1 ...
... no UTF-8 mapping file for font encoding PD1
)
(/usr/local/texlive/2020/texmf-dist/tex/generic/intcalc/intcalc.sty
Package: intcalc 2019/12/15 v1.3 Expandable calculations with integers (HO)
)
(/usr/local/texlive/2020/texmf-dist/tex/generic/etexcmds/etexcmds.sty
Package: etexcmds 2019/12/15 v1.7 Avoid name clashes with e-TeX commands (HO)
)
\Hy@SavedSpaceFactor=\count326
Package hyperref Info: Option `unicode' set `true' on input line 4421.

(/usr/local/texlive/2020/texmf-dist/tex/latex/hyperref/puenc.def
File: puenc.def 2020/01/14 v7.00d Hyperref: PDF Unicode definition (HO)
Now handling font encoding PU ...
... no UTF-8 mapping file for font encoding PU
)
Package hyperref Info: Option `colorlinks' set `true' on input line 4421.
Package hyperref Info: Option `hyperindex' set `true' on input line 4421.
Package hyperref Info: Option `plainpages' set `false' on input line 4421.
Package hyperref Info: Hyper figures OFF on input line 4547.
Package hyperref Info: Link nesting OFF on input line 4552.
Package hyperref Info: Hyper index ON on input line 4555.
Package hyperref Info: Plain pages OFF on input line 4562.
Package hyperref Info: Backreferencing OFF on input line 4567.
Package hyperref Info: Implicit mode ON; LaTeX internals redefined.
Package hyperref Info: Bookmarks ON on input line 4800.
\c@Hy@tempcnt=\count327
LaTeX Info: Redefining \url on input line 5159.
\XeTeXLinkMargin=\dimen180

(/usr/local/texlive/2020/texmf-dist/tex/generic/bitset/bitset.sty
Package: bitset 2019/12/09 v1.3 Handle bit-vector datatype (HO)

(/usr/local/texlive/2020/texmf-dist/tex/generic/bigintcalc/bigintcalc.sty
Package: bigintcalc 2019/12/15 v1.5 Expandable calculations on big integers (HO
)
))
\Fld@menulength=\count328
\Field@Width=\dimen181
\Fld@charsize=\dimen182
Package hyperref Info: Hyper figures OFF on input line 6430.
Package hyperref Info: Link nesting OFF on input line 6435.
Package hyperref Info: Hyper index ON on input line 6438.
Package hyperref Info: backreferencing OFF on input line 6445.
Package hyperref Info: Link coloring ON on input line 6448.
Package hyperref Info: Link coloring with OCG OFF on input line 6455.
Package hyperref Info: PDF/A mode OFF on input line 6460.
LaTeX Info: Redefining \ref on input line 6500.
LaTeX Info: Redefining \pageref on input line 6504.

(/usr/local/texlive/2020/texmf-dist/tex/generic/atbegshi/atbegshi.sty
Package: atbegshi 2019/12/05 v1.19 At begin shipout hook (HO)
)
\Hy@abspage=\count329
\c@Item=\count330
\c@Hfootnote=\count331
)
Package hyperref Info: Driver: hpdftex.

(/usr/local/texlive/2020/texmf-dist/tex/latex/hyperref/hpdftex.def
File: hpdftex.def 2020/01/14 v7.00d Hyperref driver for pdfTeX

(/usr/local/texlive/2020/texmf-dist/tex/latex/atveryend/atveryend.sty
Package: atveryend 2019-12-11 v1.11 Hooks at the very end of document (HO)
)
\Fld@listcount=\count332
\c@bookmark@seq@number=\count333

(/usr/local/texlive/2020/texmf-dist/tex/latex/rerunfilecheck/rerunfilecheck.sty
Package: rerunfilecheck 2019/12/05 v1.9 Rerun checks for auxiliary files (HO)

(/usr/local/texlive/2020/texmf-dist/tex/generic/uniquecounter/uniquecounter.sty
Package: uniquecounter 2019/12/15 v1.4 Provide unlimited unique counter (HO)
)
Package uniquecounter Info: New unique counter `rerunfilecheck' on input line 2
86.
)
\Hy@SectionHShift=\skip91
) (/usr/local/texlive/2020/texmf-dist/tex/latex/oberdiek/hypcap.sty
Package: hypcap 2016/05/16 v1.12 Adjusting the anchors of captions (HO)
)
\enitdp@checklist=\count334

(./projekt.aux)
\openout1 = `projekt.aux'.

LaTeX Font Info:    Checking defaults for OML/cmm/m/it on input line 206.
LaTeX Font Info:    ... okay on input line 206.
LaTeX Font Info:    Checking defaults for OMS/cmsy/m/n on input line 206.
LaTeX Font Info:    ... okay on input line 206.
LaTeX Font Info:    Checking defaults for OT1/cmr/m/n on input line 206.
LaTeX Font Info:    ... okay on input line 206.
LaTeX Font Info:    Checking defaults for T1/cmr/m/n on input line 206.
LaTeX Font Info:    ... okay on input line 206.
LaTeX Font Info:    Checking defaults for TS1/cmr/m/n on input line 206.
LaTeX Font Info:    ... okay on input line 206.
LaTeX Font Info:    Checking defaults for OMX/cmex/m/n on input line 206.
LaTeX Font Info:    ... okay on input line 206.
LaTeX Font Info:    Checking defaults for U/cmr/m/n on input line 206.
LaTeX Font Info:    ... okay on input line 206.
LaTeX Font Info:    Checking defaults for PD1/pdf/m/n on input line 206.
LaTeX Font Info:    ... okay on input line 206.
LaTeX Font Info:    Checking defaults for PU/pdf/m/n on input line 206.
LaTeX Font Info:    ... okay on input line 206.
LaTeX Font Info:    Trying to load font information for T1+lmr on input line 20
6.
 (/usr/local/texlive/2020/texmf-dist/tex/latex/lm/t1lmr.fd
File: t1lmr.fd 2009/10/30 v1.6 Font defs for Latin Modern
)
ABD: EverySelectfont initializing macros
LaTeX Info: Redefining \selectfont on input line 206.

(/usr/local/texlive/2020/texmf-dist/tex/context/base/mkii/supp-pdf.mkii
[Loading MPS to PDF converter (version 2006.09.02).]
\scratchcounter=\count335
\scratchdimen=\dimen183
\scratchbox=\box59
\nofMPsegments=\count336
\nofMParguments=\count337
\everyMPshowfont=\toks35
\MPscratchCnt=\count338
\MPscratchDim=\dimen184
\MPnumerator=\count339
\makeMPintoPDFobject=\count340
\everyMPtoPDFconversion=\toks36
) (/usr/local/texlive/2020/texmf-dist/tex/latex/epstopdf-pkg/epstopdf-base.sty
Package: epstopdf-base 2020-01-24 v2.11 Base part for package epstopdf

(/usr/local/texlive/2020/texmf-dist/tex/latex/grfext/grfext.sty
Package: grfext 2019/12/03 v1.3 Manage graphics extensions (HO)
)
Package epstopdf-base Info: Redefining graphics rule for `.eps' on input line 4
85.
Package grfext Info: Graphics extension search list:
(grfext)             [.pdf,.png,.jpg,.mps,.jpeg,.jbig2,.jb2,.PDF,.PNG,.JPG,.JPE
G,.JBIG2,.JB2,.eps]
(grfext)             \AppendGraphicsExtensions on input line 504.

(/usr/local/texlive/2020/texmf-dist/tex/latex/latexconfig/epstopdf-sys.cfg
File: epstopdf-sys.cfg 2010/07/13 v1.3 Configuration of (r)epstopdf for TeX Liv
e
))
\c@mv@tabular=\count341
\c@mv@boldtabular=\count342
\c@lstlisting=\count343
\AtBeginShipoutBox=\box60
Package hyperref Info: Link coloring ON on input line 206.

(/usr/local/texlive/2020/texmf-dist/tex/latex/hyperref/nameref.sty
Package: nameref 2019/09/16 v2.46 Cross-referencing by name of section

(/usr/local/texlive/2020/texmf-dist/tex/latex/refcount/refcount.sty
Package: refcount 2019/12/15 v3.6 Data extraction from label references (HO)
)
(/usr/local/texlive/2020/texmf-dist/tex/generic/gettitlestring/gettitlestring.s
ty
Package: gettitlestring 2019/12/15 v1.6 Cleanup title references (HO)
)
\c@section@level=\count344
)
LaTeX Info: Redefining \ref on input line 206.
LaTeX Info: Redefining \pageref on input line 206.
LaTeX Info: Redefining \nameref on input line 206.
 (./projekt.out) (./projekt.out)
\@outlinefile=\write3
\openout3 = `projekt.out'.

LaTeX Font Info:    Trying to load font information for T1+qhv on input line 21
2.

(/usr/local/texlive/2020/texmf-dist/tex/latex/tex-gyre/t1qhv.fd
File: t1qhv.fd 2009/09/25 v1.2 font definition file for T1/qhv
)
\@obrlogo=\box61
\@rtext=\box62
\@vyskartext=\skip92
\@sirkartext=\skip93
\@vyskaobr=\skip94
\@sirkaobr=\skip95
<template-fig/VUT_symbol_barevne_CMYK_CZ.pdf, id=101, 167.13641pt x 165.87971pt
>
File: template-fig/VUT_symbol_barevne_CMYK_CZ.pdf Graphic file (type pdf)
<use template-fig/VUT_symbol_barevne_CMYK_CZ.pdf>
Package pdftex.def Info: template-fig/VUT_symbol_barevne_CMYK_CZ.pdf  used on i
nput line 212.
(pdftex.def)             Requested size: 116.65646pt x 115.17995pt.
LaTeX Font Info:    Trying to load font information for T1+opensans-TLF on inpu
t line 212.

(/usr/local/texlive/2020/texmf-dist/tex/latex/opensans/T1opensans-TLF.fd
File: T1opensans-TLF.fd 2019/06/24 Font definitions for T1/opensans-TLF.
)
LaTeX Font Info:    Font shape `T1/opensans-TLF/m/n' will be
(Font)              scaled to size 18.0pt on input line 212.
LaTeX Font Info:    Font shape `T1/opensans-TLF/b/n' will be
(Font)              scaled to size 18.0pt on input line 212.
LaTeX Font Info:    Font shape `T1/opensans-TLF/m/n' will be
(Font)              scaled to size 11.0pt on input line 212.
LaTeX Font Info:    Font shape `T1/opensans-TLF/b/n' will be
(Font)              scaled to size 11.0pt on input line 212.
LaTeX Font Info:    Font shape `T1/opensans-TLF/m/n' will be
(Font)              scaled to size 14.0pt on input line 212.
LaTeX Font Info:    Font shape `T1/opensans-TLF/b/n' will be
(Font)              scaled to size 14.0pt on input line 212.

Overfull \hbox (3.4772pt too wide) in paragraph at lines 212--212
\T1/opensans-TLF/b/n/18 CONFIGURABLE PAR-AL-LEL EX-E-CU-TION OF SYS-TEM
 []

LaTeX Font Info:    Font shape `T1/opensans-TLF/m/n' will be
(Font)              scaled to size 10.0pt on input line 212.
LaTeX Font Info:    Font shape `T1/opensans-TLF/b/n' will be
(Font)              scaled to size 10.0pt on input line 212.

Overfull \hbox (19.07285pt too wide) in paragraph at lines 212--212
\T1/opensans-TLF/b/n/10 KONFIGURATE‰NÁ PAR-ALELNÁ EX-EKÚ-CIA SYS-TÉ-MOVÝCH TEST
OV V RÁMCI PRO-JEKTU STRIMZI 
 []

[1

{/usr/local/texlive/2020/texmf-var/fonts/map/pdftex/updmap/pdftex.map} <./templ
ate-fig/VUT_symbol_barevne_CMYK_CZ.pdf>]
Overfull \hbox (0.92596pt too wide) in paragraph at lines 212--212
\T1/lmr/m/n/10.95 Sem bu-dou zap-sána jed-notlivá klí£ová slova v £eském (slove
n-ském) jazyce, odd-¥lená £árkami. 
 []

[2] [3] [4] (./projekt.toc<<ot1.cmap>><<oml.cmap>><<oms.cmap>><<omx.cmap>>
LaTeX Font Info:    Trying to load font information for U+msa on input line 4.

(/usr/local/texlive/2020/texmf-dist/tex/latex/amsfonts/umsa.fd
File: umsa.fd 2013/01/14 v3.01 AMS symbols A
)
LaTeX Font Info:    Trying to load font information for U+msb on input line 4.

(/usr/local/texlive/2020/texmf-dist/tex/latex/amsfonts/umsb.fd
File: umsb.fd 2013/01/14 v3.01 AMS symbols B
))
\tf@toc=\write4
\openout4 = `projekt.toc'.


(./chapters/01-introduction.texpdfTeX warning (ext4): destination with the same
 identifier (name{page.1}) has been already used, duplicate ignored
<to be read again> 
                   \relax 
l.1 \chapter
            {Introduction (TODO)} [1


]
Chapter 1.
LaTeX Font Info:    Trying to load font information for TS1+lmr on input line 9
.
(/usr/local/texlive/2020/texmf-dist/tex/latex/lm/ts1lmr.fd
File: ts1lmr.fd 2009/10/30 v1.6 Font defs for Latin Modern
))
(./chapters/02-preliminaries.texpdfTeX warning (ext4): destination with the sam
e identifier (name{page.2}) has been already used, duplicate ignored
<to be read again> 
                   \relax 
l.1 \chapter
            {Preliminaries} [2

]
Chapter 2.
LaTeX Font Info:    Trying to load font information for T1+lmtt on input line 3
.
(/usr/local/texlive/2020/texmf-dist/tex/latex/lm/t1lmtt.fd
File: t1lmtt.fd 2009/10/30 v1.6 Font defs for Latin Modern
))
(./chapters/02a-kubernetes.texpdfTeX warning (ext4): destination with the same 
identifier (name{page.3}) has been already used, duplicate ignored
<to be read again> 
                   \relax 
l.14 
      [3

]
<obrazky-figures/02-preliminaries/01-kubernetes/01-timeline-with-picture.pdf, i
d=220, 466.62328pt x 196.8153pt>
File: obrazky-figures/02-preliminaries/01-kubernetes/01-timeline-with-picture.p
df Graphic file (type pdf)
<use obrazky-figures/02-preliminaries/01-kubernetes/01-timeline-with-picture.pd
f>
Package pdftex.def Info: obrazky-figures/02-preliminaries/01-kubernetes/01-time
line-with-picture.pdf  used on input line 28.
(pdftex.def)             Requested size: 419.95706pt x 177.13213pt.
pdfTeX warning (ext4): destination with the same identifier (name{page.4}) has 
been already used, duplicate ignored
<to be read again> 
                   \relax 
l.34 
      [4]
<obrazky-figures/02-preliminaries/01-kubernetes/02-architecture-master-sketch.p
df, id=234, 485.89528pt x 189.8292pt>
File: obrazky-figures/02-preliminaries/01-kubernetes/02-architecture-master-ske
tch.pdf Graphic file (type pdf)
<use obrazky-figures/02-preliminaries/01-kubernetes/02-architecture-master-sket
ch.pdf>
Package pdftex.def Info: obrazky-figures/02-preliminaries/01-kubernetes/02-arch
itecture-master-sketch.pdf  used on input line 47.
(pdftex.def)             Requested size: 398.4367pt x 155.66093pt.
Package hyperref Info: bookmark level for unknown algorithm defaults to 0 on in
put line 54.


LaTeX Warning: `!h' float specifier changed to `!ht'.

[5 <./obrazky-figures/02-preliminaries/01-kubernetes/01-timeline-with-picture.p
df>]
<obrazky-figures/02-preliminaries/01-kubernetes/02-architecture-slave-sketch.pd
f, id=277, 521.0667pt x 189.8292pt>
File: obrazky-figures/02-preliminaries/01-kubernetes/02-architecture-slave-sket
ch.pdf Graphic file (type pdf)
<use obrazky-figures/02-preliminaries/01-kubernetes/02-architecture-slave-sketc
h.pdf>
Package pdftex.def Info: obrazky-figures/02-preliminaries/01-kubernetes/02-arch
itecture-slave-sketch.pdf  used on input line 74.
(pdftex.def)             Requested size: 427.27745pt x 155.66093pt.
<obrazky-figures/02-preliminaries/01-kubernetes/02-final-architecture-master-sl
ave.pdf, id=278, 314.13359pt x 240.9pt>
File: obrazky-figures/02-preliminaries/01-kubernetes/02-final-architecture-mast
er-slave.pdf Graphic file (type pdf)
<use obrazky-figures/02-preliminaries/01-kubernetes/02-final-architecture-maste
r-slave.pdf>
Package pdftex.def Info: obrazky-figures/02-preliminaries/01-kubernetes/02-fina
l-architecture-master-slave.pdf  used on input line 82.
(pdftex.def)             Requested size: 289.0016pt x 221.627pt.


LaTeX Warning: `!h' float specifier changed to `!ht'.

[6 <./obrazky-figures/02-preliminaries/01-kubernetes/02-architecture-master-ske
tch.pdf> <./obrazky-figures/02-preliminaries/01-kubernetes/02-architecture-slav
e-sketch.pdf>] [7 <./obrazky-figures/02-preliminaries/01-kubernetes/02-final-ar
chitecture-master-slave.pdf>]
<obrazky-figures/02-preliminaries/01-kubernetes/03-deplyoment-archite.pdf, id=3
46, 206.6922pt x 117.3183pt>
File: obrazky-figures/02-preliminaries/01-kubernetes/03-deplyoment-archite.pdf 
Graphic file (type pdf)
<use obrazky-figures/02-preliminaries/01-kubernetes/03-deplyoment-archite.pdf>
Package pdftex.def Info: obrazky-figures/02-preliminaries/01-kubernetes/03-depl
yoment-archite.pdf  used on input line 120.
(pdftex.def)             Requested size: 248.02937pt x 140.78125pt.
 [8]
<obrazky-figures/02-preliminaries/01-kubernetes/04-statefuset_with_volume.pdf, 
id=366, 399.41219pt x 204.765pt>
File: obrazky-figures/02-preliminaries/01-kubernetes/04-statefuset_with_volume.
pdf Graphic file (type pdf)
<use obrazky-figures/02-preliminaries/01-kubernetes/04-statefuset_with_volume.p
df>
Package pdftex.def Info: obrazky-figures/02-preliminaries/01-kubernetes/04-stat
efuset_with_volume.pdf  used on input line 134.
(pdftex.def)             Requested size: 399.41121pt x 204.76448pt.


LaTeX Warning: `!h' float specifier changed to `!ht'.

) (./chapters/02b-kafka.tex [9 <./obrazky-figures/02-preliminaries/01-kubernete
s/03-deplyoment-archite.pdf>]
<obrazky-figures/02-preliminaries/02-kafka/02-kafka-without-depen.pdf, id=408, 
334.3692pt x 247.8861pt>
File: obrazky-figures/02-preliminaries/02-kafka/02-kafka-without-depen.pdf Grap
hic file (type pdf)
<use obrazky-figures/02-preliminaries/02-kafka/02-kafka-without-depen.pdf>
Package pdftex.def Info: obrazky-figures/02-preliminaries/02-kafka/02-kafka-wit
hout-depen.pdf  used on input line 14.
(pdftex.def)             Requested size: 200.62306pt x 148.73279pt.
<obrazky-figures/02-preliminaries/02-kafka/01-kafka-with-depe.pdf, id=409, 334.
3692pt x 247.8861pt>
File: obrazky-figures/02-preliminaries/02-kafka/01-kafka-with-depe.pdf Graphic 
file (type pdf)
<use obrazky-figures/02-preliminaries/02-kafka/01-kafka-with-depe.pdf>
Package pdftex.def Info: obrazky-figures/02-preliminaries/02-kafka/01-kafka-wit
h-depe.pdf  used on input line 16.
(pdftex.def)             Requested size: 200.62306pt x 148.73279pt.
 [10 <./obrazky-figures/02-preliminaries/01-kubernetes/04-statefuset_with_volum
e.pdf>]
<obrazky-figures/02-preliminaries/02-kafka/05-replication-of-partitions.pdf, id
=442, 626.34pt x 406.3983pt>
File: obrazky-figures/02-preliminaries/02-kafka/05-replication-of-partitions.pd
f Graphic file (type pdf)
<use obrazky-figures/02-preliminaries/02-kafka/05-replication-of-partitions.pdf
>
Package pdftex.def Info: obrazky-figures/02-preliminaries/02-kafka/05-replicati
on-of-partitions.pdf  used on input line 35.
(pdftex.def)             Requested size: 438.435pt x 284.47687pt.

Overfull \hbox (5.9532pt too wide) in paragraph at lines 35--36
 [][] 
 []

[11 <./obrazky-figures/02-preliminaries/02-kafka/02-kafka-without-depen.pdf> <.
/obrazky-figures/02-preliminaries/02-kafka/01-kafka-with-depe.pdf>]
<obrazky-figures/02-preliminaries/02-kafka/03-database-relation.pdf, id=482, 54
1.06137pt x 175.61609pt>
File: obrazky-figures/02-preliminaries/02-kafka/03-database-relation.pdf Graphi
c file (type pdf)
<use obrazky-figures/02-preliminaries/02-kafka/03-database-relation.pdf>
Package pdftex.def Info: obrazky-figures/02-preliminaries/02-kafka/03-database-
relation.pdf  used on input line 45.
(pdftex.def)             Requested size: 432.84969pt x 140.49306pt.


LaTeX Warning: Reference `subSec:strimzi:topicOperator' on page 12 undefined on
 input line 51.

[12 <./obrazky-figures/02-preliminaries/02-kafka/05-replication-of-partitions.p
df>]
<obrazky-figures/02-preliminaries/02-kafka/05-offset-thing.pdf, id=512, 348.341
38pt x 63.3567pt>
File: obrazky-figures/02-preliminaries/02-kafka/05-offset-thing.pdf Graphic fil
e (type pdf)
<use obrazky-figures/02-preliminaries/02-kafka/05-offset-thing.pdf>
Package pdftex.def Info: obrazky-figures/02-preliminaries/02-kafka/05-offset-th
ing.pdf  used on input line 55.
(pdftex.def)             Requested size: 383.1767pt x 69.69257pt.
 [13 <./obrazky-figures/02-preliminaries/02-kafka/03-database-relation.pdf> <./
obrazky-figures/02-preliminaries/02-kafka/05-offset-thing.pdf>]
<obrazky-figures/02-preliminaries/02-kafka/07-kafka-streams-with-localstate,thr
ead.pdf, id=547, 809.9058pt x 529.98pt>
File: obrazky-figures/02-preliminaries/02-kafka/07-kafka-streams-with-localstat
e,thread.pdf Graphic file (type pdf)
<use obrazky-figures/02-preliminaries/02-kafka/07-kafka-streams-with-localstate
,thread.pdf>
Package pdftex.def Info: obrazky-figures/02-preliminaries/02-kafka/07-kafka-str
eams-with-localstate,thread.pdf  used on input line 71.
(pdftex.def)             Requested size: 388.75038pt x 254.3875pt.
<obrazky-figures/02-preliminaries/02-kafka/10-kafkaStreamsProces.pdf, id=549, 4
89.74968pt x 189.8292pt>
File: obrazky-figures/02-preliminaries/02-kafka/10-kafkaStreamsProces.pdf Graph
ic file (type pdf)
<use obrazky-figures/02-preliminaries/02-kafka/10-kafkaStreamsProces.pdf>
Package pdftex.def Info: obrazky-figures/02-preliminaries/02-kafka/10-kafkaStre
amsProces.pdf  used on input line 82.
(pdftex.def)             Requested size: 382.0032pt x 148.06616pt.
<obrazky-figures/02-preliminaries/02-kafka/11-kafkaStreamsProces2.pdf, id=555, 
489.74968pt x 132.495pt>
File: obrazky-figures/02-preliminaries/02-kafka/11-kafkaStreamsProces2.pdf Grap
hic file (type pdf)
<use obrazky-figures/02-preliminaries/02-kafka/11-kafkaStreamsProces2.pdf>
Package pdftex.def Info: obrazky-figures/02-preliminaries/02-kafka/11-kafkaStre
amsProces2.pdf  used on input line 90.
(pdftex.def)             Requested size: 430.98103pt x 116.59593pt.
 [14 <./obrazky-figures/02-preliminaries/02-kafka/07-kafka-streams-with-localst
ate,thread.pdf>] [15 <./obrazky-figures/02-preliminaries/02-kafka/10-kafkaStrea
msProces.pdf> <./obrazky-figures/02-preliminaries/02-kafka/11-kafkaStreamsProce
s2.pdf>]
<obrazky-figures/02-preliminaries/02-kafka/12-all-in-one.pdf, id=613, 506.85359
pt x 372.43138pt>
File: obrazky-figures/02-preliminaries/02-kafka/12-all-in-one.pdf Graphic file 
(type pdf)
<use obrazky-figures/02-preliminaries/02-kafka/12-all-in-one.pdf>
Package pdftex.def Info: obrazky-figures/02-preliminaries/02-kafka/12-all-in-on
e.pdf  used on input line 114.
(pdftex.def)             Requested size: 405.48341pt x 297.9455pt.
)
(./chapters/02c-strimzi.tex [16] [17 <./obrazky-figures/02-preliminaries/02-kaf
ka/12-all-in-one.pdf>]
<obrazky-figures/02-preliminaries/03-strimzi/01-kafka-crd.pdf, id=649, 281.1302
8pt x 442.53331pt>
File: obrazky-figures/02-preliminaries/03-strimzi/01-kafka-crd.pdf Graphic file
 (type pdf)
<use obrazky-figures/02-preliminaries/03-strimzi/01-kafka-crd.pdf>
Package pdftex.def Info: obrazky-figures/02-preliminaries/03-strimzi/01-kafka-c
rd.pdf  used on input line 18.
(pdftex.def)             Requested size: 224.90453pt x 354.02713pt.
<obrazky-figures/02-preliminaries/03-strimzi/02-kafka-cr.pdf, id=650, 262.0992p
t x 436.5108pt>
File: obrazky-figures/02-preliminaries/03-strimzi/02-kafka-cr.pdf Graphic file 
(type pdf)
<use obrazky-figures/02-preliminaries/03-strimzi/02-kafka-cr.pdf>
Package pdftex.def Info: obrazky-figures/02-preliminaries/03-strimzi/02-kafka-c
r.pdf  used on input line 22.
(pdftex.def)             Requested size: 209.67963pt x 349.2091pt.

Overfull \hbox (18.04723pt too wide) in paragraph at lines 16--25
[]  [][] []  [][]
 []

[18 <./obrazky-figures/02-preliminaries/03-strimzi/01-kafka-crd.pdf> <./obrazky
-figures/02-preliminaries/03-strimzi/02-kafka-cr.pdf>] [19]
<obrazky-figures/02-preliminaries/03-strimzi/03-strimzi-kafka-architecture (1).
pdf, id=694, 626.34pt x 457.71pt>
File: obrazky-figures/02-preliminaries/03-strimzi/03-strimzi-kafka-architecture
 (1).pdf Graphic file (type pdf)
<use obrazky-figures/02-preliminaries/03-strimzi/03-strimzi-kafka-architecture 
(1).pdf>
Package pdftex.def Info: obrazky-figures/02-preliminaries/03-strimzi/03-strimzi
-kafka-architecture (1).pdf  used on input line 57.
(pdftex.def)             Requested size: 469.75383pt x 343.28166pt.

Overfull \hbox (37.27203pt too wide) in paragraph at lines 57--58
 [][] 
 []

[20 <./obrazky-figures/02-preliminaries/03-strimzi/03-strimzi-kafka-architectur
e (1).pdf>]
<obrazky-figures/02-preliminaries/03-strimzi/04-stirmziOperatorsArch.pdf, id=71
9, 807.97856pt x 353.40028pt>
File: obrazky-figures/02-preliminaries/03-strimzi/04-stirmziOperatorsArch.pdf G
raphic file (type pdf)
<use obrazky-figures/02-preliminaries/03-strimzi/04-stirmziOperatorsArch.pdf>
Package pdftex.def Info: obrazky-figures/02-preliminaries/03-strimzi/04-stirmzi
OperatorsArch.pdf  used on input line 67.
(pdftex.def)             Requested size: 484.79088pt x 212.0418pt.

Overfull \hbox (52.30908pt too wide) in paragraph at lines 67--68
 [][] 
 []

[21 <./obrazky-figures/02-preliminaries/03-strimzi/04-stirmziOperatorsArch.pdf>
]) (./chapters/02d-strimzi-system-tests.tex
<obrazky-figures/02-preliminaries/04-strimzi-system-tests/01-architecture-overa
ll.pdf, id=749, 412.4208pt x 478.66827pt>
File: obrazky-figures/02-preliminaries/04-strimzi-system-tests/01-architecture-
overall.pdf Graphic file (type pdf)
<use obrazky-figures/02-preliminaries/04-strimzi-system-tests/01-architecture-o
verall.pdf>
Package pdftex.def Info: obrazky-figures/02-preliminaries/04-strimzi-system-tes
ts/01-architecture-overall.pdf  used on input line 11.
(pdftex.def)             Requested size: 329.93707pt x 382.93513pt.
 [22] [23 <./obrazky-figures/02-preliminaries/04-strimzi-system-tests/01-archit
ecture-overall.pdf>] [24] [25]
<obrazky-figures/02-preliminaries/04-strimzi-system-tests/02d-strimzisystemtest
-sequence-execution.pdf, id=808, 613.33138pt x 435.54718pt>
File: obrazky-figures/02-preliminaries/04-strimzi-system-tests/02d-strimzisyste
mtest-sequence-execution.pdf Graphic file (type pdf)
<use obrazky-figures/02-preliminaries/04-strimzi-system-tests/02d-strimzisystem
test-sequence-execution.pdf>
Package pdftex.def Info: obrazky-figures/02-preliminaries/04-strimzi-system-tes
ts/02d-strimzisystemtest-sequence-execution.pdf  used on input line 137.
(pdftex.def)             Requested size: 429.32903pt x 304.88094pt.
)
(./chapters/03-theory-of-paralellization.tex [26])
(./chapters/04-proposal-of-parallel-approach.tex)
(./chapters/05-implementation.tex [27 <./obrazky-figures/02-preliminaries/04-st
rimzi-system-tests/02d-strimzisystemtest-sequence-execution.pdf>]
Chapter 3.
[28

]
Chapter 4.
[29

]
Chapter 5.
[30

]
Chapter 6.
) (./projekt.bbl [31

] [32

])
\c@ttl@toc@chapters=\count345
 (./projekt-30-prilohy-appendices-en.tex [33]
Appendix A.
[34

] [35] [36] [37] [38]
Appendix B.
[39

] [40] [41] [42]
Appendix C.
[43

] [44] [45] [46]
Appendix D.
[47

]
<obrazky-figures/placeholder.pdf, id=1061, 151.87993pt x 85.31876pt>
File: obrazky-figures/placeholder.pdf Graphic file (type pdf)
<use obrazky-figures/placeholder.pdf>
Package pdftex.def Info: obrazky-figures/placeholder.pdf  used on input line 43
0.
(pdftex.def)             Requested size: 432.49377pt x 122.86668pt.
File: obrazky-figures/placeholder.pdf Graphic file (type pdf)
<use obrazky-figures/placeholder.pdf>
Package pdftex.def Info: obrazky-figures/placeholder.pdf  used on input line 43
1.
(pdftex.def)             Requested size: 103.798pt x 58.31018pt.
File: obrazky-figures/placeholder.pdf Graphic file (type pdf)
<use obrazky-figures/placeholder.pdf>
Package pdftex.def Info: obrazky-figures/placeholder.pdf  used on input line 43
2.
(pdftex.def)             Requested size: 103.798pt x 58.31018pt.
File: obrazky-figures/placeholder.pdf Graphic file (type pdf)
<use obrazky-figures/placeholder.pdf>
Package pdftex.def Info: obrazky-figures/placeholder.pdf  used on input line 43
3.
(pdftex.def)             Requested size: 103.798pt x 58.31018pt.
File: obrazky-figures/placeholder.pdf Graphic file (type pdf)
<use obrazky-figures/placeholder.pdf>
Package pdftex.def Info: obrazky-figures/placeholder.pdf  used on input line 43
4.
(pdftex.def)             Requested size: 103.798pt x 58.31018pt.
<obrazky-figures/keep-calm.png, id=1062, 602.25pt x 702.625pt>
File: obrazky-figures/keep-calm.png Graphic file (type png)
<use obrazky-figures/keep-calm.png>
Package pdftex.def Info: obrazky-figures/keep-calm.png  used on input line 444.

(pdftex.def)             Requested size: 129.74585pt x 151.37234pt.
 [48 <./obrazky-figures/placeholder.pdf>] [49 <./obrazky-figures/keep-calm.png>
]
Appendix E.
[50

] [51]
Overfull \hbox (17.0pt too wide) in paragraph at lines 550--551
[][] 
 []

[52]
Overfull \hbox (2.62198pt too wide) in paragraph at lines 562--562
[][]\T1/lmr/bx/n/14.4 Monographic pub-li-ca-tion - @Book, @Book-let (book, broc
hure) 
 []


Underfull \hbox (badness 10000) in paragraph at lines 588--588
[]|[]\T1/lmr/m/n/10.95 Monographic pub-li-ca-tion
 []


Overfull \hbox (17.0pt too wide) in paragraph at lines 588--589
[][] 
 []

[53]
Overfull \hbox (17.0pt too wide) in paragraph at lines 630--632
[][]
 []

[54]
Overfull \hbox (17.0pt too wide) in paragraph at lines 676--677
[][] 
 []

[55]
Overfull \hbox (2.69627pt too wide) in paragraph at lines 688--688
[][]\T1/lmr/bx/n/14.4 Manual, doc-u-men-ta-tion, tech-ni-cal re-port and un-pub
-lished ma-
 []


Overfull \hbox (17.0pt too wide) in paragraph at lines 713--714
[][] 
 []

[56]
Overfull \hbox (17.87814pt too wide) in paragraph at lines 725--725
[][]\T1/lmr/bx/n/14.4 Academic work - @Bach-e-lors-The-sis, @Mas-ter-s-The-sis,
 @PhdThe-
 []


Overfull \hbox (41.76205pt too wide) in paragraph at lines 748--748
[]|[]\T1/lmr/m/n/10.95 https://www.fit.vut.cz/study/theses[]| 
 []


Overfull \hbox (17.0pt too wide) in paragraph at lines 748--749
[][] 
 []

[57]
Overfull \hbox (17.0pt too wide) in paragraph at lines 786--787
[][] 
 []

[58]
Overfull \hbox (17.0pt too wide) in paragraph at lines 823--824
[][] 
 []

)
\tf@ptc=\write5
\openout5 = `projekt.ptc'.

Package atveryend Info: Empty hook `BeforeClearDocument' on input line 360.
 [59]
Package atveryend Info: Empty hook `AfterLastShipout' on input line 360.
 (./projekt.aux)
Package atveryend Info: Executing hook `AtVeryEndDocument' on input line 360.
Package atveryend Info: Executing hook `AtEndAfterFileList' on input line 360.
Package rerunfilecheck Info: File `projekt.out' has not changed.
(rerunfilecheck)             Checksum: E74A022A3121D86C7EE2F343113E4D0A;3577.


LaTeX Warning: There were undefined references.

 ) 
Here is how much of TeX's memory you used:
 17163 strings out of 480608
 259328 string characters out of 5903630
 561724 words of memory out of 5000000
 32283 multiletter control sequences out of 15000+600000
 636042 words of font info for 126 fonts, out of 8000000 for 9000
 1141 hyphenation exceptions out of 8191
 45i,15n,42p,1765b,1129s stack positions out of 5000i,500n,10000p,200000b,80000s
{/usr/local/texlive/2020/texmf-dist/fonts/enc/dvips/lm/lm-ec.enc}{/usr/local/
texlive/2020/texmf-dist/fonts/enc/dvips/lm/lm-ts1.enc}{/usr/local/texlive/2020/
texmf-dist/fonts/enc/dvips/opensans/a_jg4h6q.enc}</usr/local/texlive/2020/texmf
-dist/fonts/type1/ascender/opensans/OpenSans-Bold.pfb></usr/local/texlive/2020/
texmf-dist/fonts/type1/public/amsfonts/cm/cmmi10.pfb></usr/local/texlive/2020/t
exmf-dist/fonts/type1/public/amsfonts/cm/cmmi8.pfb></usr/local/texlive/2020/tex
mf-dist/fonts/type1/public/amsfonts/cm/cmmi9.pfb></usr/local/texlive/2020/texmf
-dist/fonts/type1/public/amsfonts/cm/cmr10.pfb></usr/local/texlive/2020/texmf-d
ist/fonts/type1/public/amsfonts/cm/cmr8.pfb></usr/local/texlive/2020/texmf-dist
/fonts/type1/public/amsfonts/cm/cmr9.pfb></usr/local/texlive/2020/texmf-dist/fo
nts/type1/public/amsfonts/cm/cmsy10.pfb></usr/local/texlive/2020/texmf-dist/fon
ts/type1/public/amsfonts/cm/cmsy9.pfb></usr/local/texlive/2020/texmf-dist/fonts
/type1/public/lm/lmbx10.pfb></usr/local/texlive/2020/texmf-dist/fonts/type1/pub
lic/lm/lmbx12.pfb></usr/local/texlive/2020/texmf-dist/fonts/type1/public/lm/lmb
x8.pfb></usr/local/texlive/2020/texmf-dist/fonts/type1/public/lm/lmbx9.pfb></us
r/local/texlive/2020/texmf-dist/fonts/type1/public/lm/lmcsc10.pfb></usr/local/t
exlive/2020/texmf-dist/fonts/type1/public/lm/lmr10.pfb></usr/local/texlive/2020
/texmf-dist/fonts/type1/public/lm/lmr6.pfb></usr/local/texlive/2020/texmf-dist/
fonts/type1/public/lm/lmr8.pfb></usr/local/texlive/2020/texmf-dist/fonts/type1/
public/lm/lmr9.pfb></usr/local/texlive/2020/texmf-dist/fonts/type1/public/lm/lm
ri10.pfb></usr/local/texlive/2020/texmf-dist/fonts/type1/public/lm/lmtt10.pfb><
/usr/local/texlive/2020/texmf-dist/fonts/type1/public/lm/lmtt9.pfb></usr/local/
texlive/2020/texmf-dist/fonts/type1/public/amsfonts/symbols/msam10.pfb>
Output written on projekt.pdf (63 pages, 3151061 bytes).
PDF statistics:
 1288 PDF objects out of 1440 (max. 8388607)
 1083 compressed objects within 11 object streams
 278 named destinations out of 1000 (max. 500000)
 339 words of extra memory for PDF output out of 10000 (max. 10000000)

